<?xml version="1.0" encoding="UTF-8"?>
<!-- Generated by org.testng.reporters.JUnitXMLReporter -->
<testsuite hostname="DESKTOP-HHFJC6T" ignored="0" name="Default test" tests="3" failures="0" timestamp="27 Feb 2022 07:43:04 GMT" time="5.282" errors="0">
  <testcase name="TC_01_ValidateCurrentUrl" time="0.008" classname="interview.TestCases"/>
  <testcase name="TC_02_ValidatePageTitle" time="0.004" classname="interview.TestCases"/>
  <testcase name="TC_03_LoginFormDisplayed" time="0.112" classname="interview.TestCases"/>
</testsuite> <!-- Default test -->
