<?xml version="1.0" encoding="UTF-8"?>
<!-- Generated by org.testng.reporters.JUnitXMLReporter -->
<testsuite ignored="1" hostname="DESKTOP-HHFJC6T" failures="0" tests="1" name="Verify that the user can create an account successfully" time="6.085" errors="0" timestamp="27 Feb 2022 12:23:19 GMT">
  <testcase classname="interview.TestCases" name="TC_01_VerifyUserAtHomepage" time="1.913"/>
  <testcase classname="interview.TestCases" name="TC_02_CantLoginWithWrongPass" time="0.0">
    <ignored/>
  </testcase> <!-- TC_02_CantLoginWithWrongPass -->
</testsuite> <!-- Verify that the user can create an account successfully -->
