<?xml version="1.0" encoding="UTF-8"?>
<!-- Generated by org.testng.reporters.JUnitXMLReporter -->
<testsuite ignored="1" hostname="DESKTOP-HHFJC6T" failures="0" tests="1" name="Verify that the user cannot log in when entering a wrong email address or password" time="4.728" errors="0" timestamp="27 Feb 2022 12:23:24 GMT">
  <testcase classname="interview.TestCases" name="TC_02_CantLoginWithWrongPass" time="1.55"/>
  <testcase classname="interview.TestCases" name="TC_01_VerifyUserAtHomepage" time="0.0">
    <ignored/>
  </testcase> <!-- TC_01_VerifyUserAtHomepage -->
</testsuite> <!-- Verify that the user cannot log in when entering a wrong email address or password -->
